1551411054069	geckodriver	INFO	geckodriver 0.21.0
1551411054101	geckodriver	INFO	Listening on 127.0.0.1:60459
1551411056416	mozrunner::runner	INFO	Running command: "C:\\Program Files\\Mozilla Firefox\\firefox.exe" "-marionette" "-foreground" "-no-remote" "-profile" "C:\\Users\\asus\\AppData\\Local\\Temp\\rust_mozprofile.TTlVftoKaTSC"
1551411057806	addons.webextension.screenshots@mozilla.org	WARN	Loading extension 'screenshots@mozilla.org': Reading manifest: Invalid host permission: resource://pdf.js/
1551411057807	addons.webextension.screenshots@mozilla.org	WARN	Loading extension 'screenshots@mozilla.org': Reading manifest: Invalid host permission: about:reader*
1551411058048	Marionette	TRACE	Received observer notification profile-after-change
1551411058358	Marionette	TRACE	Received observer notification toplevel-window-ready
1551411058440	Marionette	TRACE	Received observer notification command-line-startup
1551411058440	Marionette	TRACE	Received observer notification nsPref:changed
1551411058440	Marionette	DEBUG	Init aborted (running=false, enabled=true, finalUIStartup=false)
1551411058595	Marionette	TRACE	Received observer notification toplevel-window-ready
1551411060804	Marionette	TRACE	Received observer notification sessionstore-windows-restored
1551411060805	Marionette	TRACE	Waiting until startup recorder finished recording startup scripts...
1551411061232	Marionette	TRACE	All scripts recorded.
1551411061232	Marionette	DEBUG	Setting recommended pref app.update.disabledForTesting to true
1551411061233	Marionette	DEBUG	Setting recommended pref apz.content_response_timeout to 60000
1551411061233	Marionette	DEBUG	Setting recommended pref browser.contentblocking.introCount to 99
1551411061233	Marionette	DEBUG	Setting recommended pref browser.download.panel.shown to true
1551411061233	Marionette	DEBUG	Setting recommended pref browser.newtabpage.enabled to false
1551411061234	Marionette	DEBUG	Setting recommended pref browser.pagethumbnails.capturing_disabled to true
1551411061234	Marionette	DEBUG	Setting recommended pref browser.search.update to false
1551411061235	Marionette	DEBUG	Setting recommended pref browser.tabs.disableBackgroundZombification to false
1551411061235	Marionette	DEBUG	Setting recommended pref browser.tabs.warnOnCloseOtherTabs to false
1551411061235	Marionette	DEBUG	Setting recommended pref browser.tabs.warnOnOpen to false
1551411061235	Marionette	DEBUG	Setting recommended pref browser.usedOnWindows10.introURL to 
1551411061236	Marionette	DEBUG	Setting recommended pref browser.urlbar.suggest.searches to false
1551411061236	Marionette	DEBUG	Setting recommended pref datareporting.policy.dataSubmissionPolicyAccepted to false
1551411061236	Marionette	DEBUG	Setting recommended pref dom.disable_beforeunload to true
1551411061237	Marionette	DEBUG	Setting recommended pref dom.disable_open_during_load to false
1551411061237	Marionette	DEBUG	Setting recommended pref dom.file.createInChild to true
1551411061237	Marionette	DEBUG	Setting recommended pref dom.max_chrome_script_run_time to 0
1551411061237	Marionette	DEBUG	Setting recommended pref dom.max_script_run_time to 0
1551411061237	Marionette	DEBUG	Setting recommended pref extensions.getAddons.cache.enabled to false
1551411061237	Marionette	DEBUG	Setting recommended pref extensions.webservice.discoverURL to http://%(server)s/dummy/discoveryURL
1551411061238	Marionette	DEBUG	Setting recommended pref network.http.prompt-temp-redirect to false
1551411061238	Marionette	DEBUG	Setting recommended pref network.http.speculative-parallel-limit to 0
1551411061238	Marionette	DEBUG	Setting recommended pref security.fileuri.strict_origin_policy to false
1551411061239	Marionette	DEBUG	Setting recommended pref security.notification_enable_delay to 0
1551411061239	Marionette	DEBUG	Setting recommended pref signon.autofillForms to false
1551411061239	Marionette	DEBUG	Setting recommended pref signon.rememberSignons to false
1551411061239	Marionette	DEBUG	Setting recommended pref toolkit.cosmeticAnimations.enabled to false
1551411061317	Marionette	INFO	Listening on port 60474
1551411061318	Marionette	DEBUG	Remote service is active
1551411061482	Marionette	DEBUG	Accepted connection 0 from 127.0.0.1:60495
1551411061485	Marionette	DEBUG	0 -> [0,1,"WebDriver:NewSession",{"acceptInsecureCerts":true,"browserName":"firefox","capabilities":{"desiredCapabilities":{"acceptInsecureCerts":true,"browserName":"firefox"}}}]
1551411061485	Marionette	WARN	TLS certificate errors will be ignored for this session
1551411061589	Marionette	TRACE	[6442450945] Frame script loaded
1551411061593	Marionette	TRACE	[6442450945] Frame script registered
1551411061596	Marionette	DEBUG	0 <- [1,1,null,{"sessionId":"82f7e5dc-c46c-460a-8110-7f1a6787c2b5","capabilities":{"browserName":"firefox","browserVersion":"65.0. ... alse,"moz:webdriverClick":true,"capabilities":{"desiredCapabilities":{"acceptInsecureCerts":true,"browserName":"firefox"}}}}]
1551411061738	Marionette	DEBUG	0 -> [0,2,"WebDriver:MaximizeWindow",{}]
1551411062107	Marionette	DEBUG	0 <- [1,2,null,{"x":-7,"y":-7,"width":1550,"height":838,"state":"maximized"}]
1551411062116	Marionette	DEBUG	0 -> [0,3,"WebDriver:Navigate",{"url":"https://passport.lagou.com/login/login.html?signature=22A292AF00E2081A28A07696A0C71332&service=https%253A%252F%252Fwww.lagou.com%252F&action=login&serviceId=lagou&ts=1551410427173"}]
1551411062128	Marionette	TRACE	[6442450945] Received DOM event beforeunload for about:blank
1551411062268	Marionette	TRACE	[6442450945] Received DOM event pagehide for about:blank
1551411062965	Marionette	TRACE	[6442450945] Received DOM event DOMContentLoaded for https://passport.lagou.com/login/login.html?signature=22A292AF00E2081A28A07696A0C71332&service=https%253A%252F%252Fwww.lagou.com%252F&action=login&serviceId=lagou&ts=1551410427173
1551411063919	Marionette	TRACE	[6442450945] Received DOM event pageshow for https://passport.lagou.com/login/login.html?signature=22A292AF00E2081A28A07696A0C71332&service=https%253A%252F%252Fwww.lagou.com%252F&action=login&serviceId=lagou&ts=1551410427173
1551411063921	Marionette	DEBUG	0 <- [1,3,null,{"value":null}]
1551411063930	Marionette	DEBUG	0 -> [0,4,"WebDriver:FindElement",{"using":"xpath","value":"//inut[@class=\"input input_white\" and @tye=\"text\"]"}]
1551411063934	Marionette	DEBUG	0 <- [1,4,{"error":"no such element","message":"Unable to locate element: //inut[@class=\"input input_white\" and @tye=\"text\"]", ... entError@chrome://marionette/content/error.js:389:5\nelement.find/</<@chrome://marionette/content/element.js:339:16\n"},null]
1551411064431	Marionette	DEBUG	0 -> [0,5,"WebDriver:FindElement",{"using":"xpath","value":"//inut[@class=\"input input_white\" and @tye=\"text\"]"}]
1551411064433	Marionette	DEBUG	0 <- [1,5,{"error":"no such element","message":"Unable to locate element: //inut[@class=\"input input_white\" and @tye=\"text\"]", ... entError@chrome://marionette/content/error.js:389:5\nelement.find/</<@chrome://marionette/content/element.js:339:16\n"},null]
1551411064942	Marionette	DEBUG	0 -> [0,6,"WebDriver:FindElement",{"using":"xpath","value":"//inut[@class=\"input input_white\" and @tye=\"text\"]"}]
1551411064944	Marionette	DEBUG	0 <- [1,6,{"error":"no such element","message":"Unable to locate element: //inut[@class=\"input input_white\" and @tye=\"text\"]", ... entError@chrome://marionette/content/error.js:389:5\nelement.find/</<@chrome://marionette/content/element.js:339:16\n"},null]
1551411065441	Marionette	DEBUG	0 -> [0,7,"WebDriver:FindElement",{"using":"xpath","value":"//inut[@class=\"input input_white\" and @tye=\"text\"]"}]
1551411065443	Marionette	DEBUG	0 <- [1,7,{"error":"no such element","message":"Unable to locate element: //inut[@class=\"input input_white\" and @tye=\"text\"]", ... entError@chrome://marionette/content/error.js:389:5\nelement.find/</<@chrome://marionette/content/element.js:339:16\n"},null]
1551411065956	Marionette	DEBUG	0 -> [0,8,"WebDriver:FindElement",{"using":"xpath","value":"//inut[@class=\"input input_white\" and @tye=\"text\"]"}]
1551411065958	Marionette	DEBUG	0 <- [1,8,{"error":"no such element","message":"Unable to locate element: //inut[@class=\"input input_white\" and @tye=\"text\"]", ... entError@chrome://marionette/content/error.js:389:5\nelement.find/</<@chrome://marionette/content/element.js:339:16\n"},null]
1551411066456	Marionette	DEBUG	0 -> [0,9,"WebDriver:FindElement",{"using":"xpath","value":"//inut[@class=\"input input_white\" and @tye=\"text\"]"}]
1551411066458	Marionette	DEBUG	0 <- [1,9,{"error":"no such element","message":"Unable to locate element: //inut[@class=\"input input_white\" and @tye=\"text\"]", ... entError@chrome://marionette/content/error.js:389:5\nelement.find/</<@chrome://marionette/content/element.js:339:16\n"},null]
1551411066972	Marionette	DEBUG	0 -> [0,10,"WebDriver:FindElement",{"using":"xpath","value":"//inut[@class=\"input input_white\" and @tye=\"text\"]"}]
1551411066975	Marionette	DEBUG	0 <- [1,10,{"error":"no such element","message":"Unable to locate element: //inut[@class=\"input input_white\" and @tye=\"text\"]" ... entError@chrome://marionette/content/error.js:389:5\nelement.find/</<@chrome://marionette/content/element.js:339:16\n"},null]
1551411067487	Marionette	DEBUG	0 -> [0,11,"WebDriver:FindElement",{"using":"xpath","value":"//inut[@class=\"input input_white\" and @tye=\"text\"]"}]
1551411067490	Marionette	DEBUG	0 <- [1,11,{"error":"no such element","message":"Unable to locate element: //inut[@class=\"input input_white\" and @tye=\"text\"]" ... entError@chrome://marionette/content/error.js:389:5\nelement.find/</<@chrome://marionette/content/element.js:339:16\n"},null]
1551411067990	Marionette	DEBUG	0 -> [0,12,"WebDriver:FindElement",{"using":"xpath","value":"//inut[@class=\"input input_white\" and @tye=\"text\"]"}]
1551411067993	Marionette	DEBUG	0 <- [1,12,{"error":"no such element","message":"Unable to locate element: //inut[@class=\"input input_white\" and @tye=\"text\"]" ... entError@chrome://marionette/content/error.js:389:5\nelement.find/</<@chrome://marionette/content/element.js:339:16\n"},null]
1551411068507	Marionette	DEBUG	0 -> [0,13,"WebDriver:FindElement",{"using":"xpath","value":"//inut[@class=\"input input_white\" and @tye=\"text\"]"}]
1551411068509	Marionette	DEBUG	0 <- [1,13,{"error":"no such element","message":"Unable to locate element: //inut[@class=\"input input_white\" and @tye=\"text\"]" ... entError@chrome://marionette/content/error.js:389:5\nelement.find/</<@chrome://marionette/content/element.js:339:16\n"},null]
1551411069006	Marionette	DEBUG	0 -> [0,14,"WebDriver:FindElement",{"using":"xpath","value":"//inut[@class=\"input input_white\" and @tye=\"text\"]"}]
1551411069009	Marionette	DEBUG	0 <- [1,14,{"error":"no such element","message":"Unable to locate element: //inut[@class=\"input input_white\" and @tye=\"text\"]" ... entError@chrome://marionette/content/error.js:389:5\nelement.find/</<@chrome://marionette/content/element.js:339:16\n"},null]
1551411069523	Marionette	DEBUG	0 -> [0,15,"WebDriver:FindElement",{"using":"xpath","value":"//inut[@class=\"input input_white\" and @tye=\"text\"]"}]
1551411069526	Marionette	DEBUG	0 <- [1,15,{"error":"no such element","message":"Unable to locate element: //inut[@class=\"input input_white\" and @tye=\"text\"]" ... entError@chrome://marionette/content/error.js:389:5\nelement.find/</<@chrome://marionette/content/element.js:339:16\n"},null]
1551411070037	Marionette	DEBUG	0 -> [0,16,"WebDriver:FindElement",{"using":"xpath","value":"//inut[@class=\"input input_white\" and @tye=\"text\"]"}]
1551411070039	Marionette	DEBUG	0 <- [1,16,{"error":"no such element","message":"Unable to locate element: //inut[@class=\"input input_white\" and @tye=\"text\"]" ... entError@chrome://marionette/content/error.js:389:5\nelement.find/</<@chrome://marionette/content/element.js:339:16\n"},null]
1551411070537	Marionette	DEBUG	0 -> [0,17,"WebDriver:FindElement",{"using":"xpath","value":"//inut[@class=\"input input_white\" and @tye=\"text\"]"}]
1551411070540	Marionette	DEBUG	0 <- [1,17,{"error":"no such element","message":"Unable to locate element: //inut[@class=\"input input_white\" and @tye=\"text\"]" ... entError@chrome://marionette/content/error.js:389:5\nelement.find/</<@chrome://marionette/content/element.js:339:16\n"},null]
1551411071037	Marionette	DEBUG	0 -> [0,18,"WebDriver:FindElement",{"using":"xpath","value":"//inut[@class=\"input input_white\" and @tye=\"text\"]"}]
1551411071039	Marionette	DEBUG	0 <- [1,18,{"error":"no such element","message":"Unable to locate element: //inut[@class=\"input input_white\" and @tye=\"text\"]" ... entError@chrome://marionette/content/error.js:389:5\nelement.find/</<@chrome://marionette/content/element.js:339:16\n"},null]
1551411071553	Marionette	DEBUG	0 -> [0,19,"WebDriver:FindElement",{"using":"xpath","value":"//inut[@class=\"input input_white\" and @tye=\"text\"]"}]
1551411071556	Marionette	DEBUG	0 <- [1,19,{"error":"no such element","message":"Unable to locate element: //inut[@class=\"input input_white\" and @tye=\"text\"]" ... entError@chrome://marionette/content/error.js:389:5\nelement.find/</<@chrome://marionette/content/element.js:339:16\n"},null]
1551411072069	Marionette	DEBUG	0 -> [0,20,"WebDriver:FindElement",{"using":"xpath","value":"//inut[@class=\"input input_white\" and @tye=\"text\"]"}]
1551411072072	Marionette	DEBUG	0 <- [1,20,{"error":"no such element","message":"Unable to locate element: //inut[@class=\"input input_white\" and @tye=\"text\"]" ... entError@chrome://marionette/content/error.js:389:5\nelement.find/</<@chrome://marionette/content/element.js:339:16\n"},null]
1551411072584	Marionette	DEBUG	0 -> [0,21,"WebDriver:FindElement",{"using":"xpath","value":"//inut[@class=\"input input_white\" and @tye=\"text\"]"}]
1551411072587	Marionette	DEBUG	0 <- [1,21,{"error":"no such element","message":"Unable to locate element: //inut[@class=\"input input_white\" and @tye=\"text\"]" ... entError@chrome://marionette/content/error.js:389:5\nelement.find/</<@chrome://marionette/content/element.js:339:16\n"},null]
1551411073100	Marionette	DEBUG	0 -> [0,22,"WebDriver:FindElement",{"using":"xpath","value":"//inut[@class=\"input input_white\" and @tye=\"text\"]"}]
1551411073102	Marionette	DEBUG	0 <- [1,22,{"error":"no such element","message":"Unable to locate element: //inut[@class=\"input input_white\" and @tye=\"text\"]" ... entError@chrome://marionette/content/error.js:389:5\nelement.find/</<@chrome://marionette/content/element.js:339:16\n"},null]
1551411073599	Marionette	DEBUG	0 -> [0,23,"WebDriver:FindElement",{"using":"xpath","value":"//inut[@class=\"input input_white\" and @tye=\"text\"]"}]
1551411073601	Marionette	DEBUG	0 <- [1,23,{"error":"no such element","message":"Unable to locate element: //inut[@class=\"input input_white\" and @tye=\"text\"]" ... entError@chrome://marionette/content/error.js:389:5\nelement.find/</<@chrome://marionette/content/element.js:339:16\n"},null]
[Parent 15564, Gecko_IOThread] WARNING: pipe error: 109: file z:/build/build/src/ipc/chromium/src/chrome/common/ipc_channel_win.cc, line 332
1551411074104	Marionette	DEBUG	0 -> [0,24,"WebDriver:FindElement",{"using":"xpath","value":"//inut[@class=\"input input_white\" and @tye=\"text\"]"}]
1551411074107	Marionette	DEBUG	0 <- [1,24,{"error":"no such element","message":"Unable to locate element: //inut[@class=\"input input_white\" and @tye=\"text\"]" ... entError@chrome://marionette/content/error.js:389:5\nelement.find/</<@chrome://marionette/content/element.js:339:16\n"},null]
1551411074611	Marionette	DEBUG	0 -> [0,25,"WebDriver:FindElement",{"using":"xpath","value":"//inut[@class=\"input input_white\" and @tye=\"text\"]"}]
1551411074614	Marionette	DEBUG	0 <- [1,25,{"error":"no such element","message":"Unable to locate element: //inut[@class=\"input input_white\" and @tye=\"text\"]" ... entError@chrome://marionette/content/error.js:389:5\nelement.find/</<@chrome://marionette/content/element.js:339:16\n"},null]
1551411075125	Marionette	DEBUG	0 -> [0,26,"WebDriver:FindElement",{"using":"xpath","value":"//inut[@class=\"input input_white\" and @tye=\"text\"]"}]
1551411075128	Marionette	DEBUG	0 <- [1,26,{"error":"no such element","message":"Unable to locate element: //inut[@class=\"input input_white\" and @tye=\"text\"]" ... entError@chrome://marionette/content/error.js:389:5\nelement.find/</<@chrome://marionette/content/element.js:339:16\n"},null]
1551411075641	Marionette	DEBUG	0 -> [0,27,"WebDriver:FindElement",{"using":"xpath","value":"//inut[@class=\"input input_white\" and @tye=\"text\"]"}]
1551411075643	Marionette	DEBUG	0 <- [1,27,{"error":"no such element","message":"Unable to locate element: //inut[@class=\"input input_white\" and @tye=\"text\"]" ... entError@chrome://marionette/content/error.js:389:5\nelement.find/</<@chrome://marionette/content/element.js:339:16\n"},null]
1551411076156	Marionette	DEBUG	0 -> [0,28,"WebDriver:FindElement",{"using":"xpath","value":"//inut[@class=\"input input_white\" and @tye=\"text\"]"}]
1551411076158	Marionette	DEBUG	0 <- [1,28,{"error":"no such element","message":"Unable to locate element: //inut[@class=\"input input_white\" and @tye=\"text\"]" ... entError@chrome://marionette/content/error.js:389:5\nelement.find/</<@chrome://marionette/content/element.js:339:16\n"},null]
1551411076674	Marionette	DEBUG	0 -> [0,29,"WebDriver:FindElement",{"using":"xpath","value":"//inut[@class=\"input input_white\" and @tye=\"text\"]"}]
1551411076681	Marionette	DEBUG	0 <- [1,29,{"error":"no such element","message":"Unable to locate element: //inut[@class=\"input input_white\" and @tye=\"text\"]" ... entError@chrome://marionette/content/error.js:389:5\nelement.find/</<@chrome://marionette/content/element.js:339:16\n"},null]
1551411077188	Marionette	DEBUG	0 -> [0,30,"WebDriver:FindElement",{"using":"xpath","value":"//inut[@class=\"input input_white\" and @tye=\"text\"]"}]
1551411077190	Marionette	DEBUG	0 <- [1,30,{"error":"no such element","message":"Unable to locate element: //inut[@class=\"input input_white\" and @tye=\"text\"]" ... entError@chrome://marionette/content/error.js:389:5\nelement.find/</<@chrome://marionette/content/element.js:339:16\n"},null]
1551411077688	Marionette	DEBUG	0 -> [0,31,"WebDriver:FindElement",{"using":"xpath","value":"//inut[@class=\"input input_white\" and @tye=\"text\"]"}]
1551411077690	Marionette	DEBUG	0 <- [1,31,{"error":"no such element","message":"Unable to locate element: //inut[@class=\"input input_white\" and @tye=\"text\"]" ... entError@chrome://marionette/content/error.js:389:5\nelement.find/</<@chrome://marionette/content/element.js:339:16\n"},null]
1551411078203	Marionette	DEBUG	0 -> [0,32,"WebDriver:FindElement",{"using":"xpath","value":"//inut[@class=\"input input_white\" and @tye=\"text\"]"}]
1551411078205	Marionette	DEBUG	0 <- [1,32,{"error":"no such element","message":"Unable to locate element: //inut[@class=\"input input_white\" and @tye=\"text\"]" ... entError@chrome://marionette/content/error.js:389:5\nelement.find/</<@chrome://marionette/content/element.js:339:16\n"},null]
1551411078710	Marionette	DEBUG	0 -> [0,33,"WebDriver:FindElement",{"using":"xpath","value":"//inut[@class=\"input input_white\" and @tye=\"text\"]"}]
1551411078711	Marionette	DEBUG	0 <- [1,33,{"error":"no such element","message":"Unable to locate element: //inut[@class=\"input input_white\" and @tye=\"text\"]" ... entError@chrome://marionette/content/error.js:389:5\nelement.find/</<@chrome://marionette/content/element.js:339:16\n"},null]
1551411079226	Marionette	DEBUG	0 -> [0,34,"WebDriver:FindElement",{"using":"xpath","value":"//inut[@class=\"input input_white\" and @tye=\"text\"]"}]
1551411079230	Marionette	DEBUG	0 <- [1,34,{"error":"no such element","message":"Unable to locate element: //inut[@class=\"input input_white\" and @tye=\"text\"]" ... entError@chrome://marionette/content/error.js:389:5\nelement.find/</<@chrome://marionette/content/element.js:339:16\n"},null]
1551411079741	Marionette	DEBUG	0 -> [0,35,"WebDriver:FindElement",{"using":"xpath","value":"//inut[@class=\"input input_white\" and @tye=\"text\"]"}]
1551411079743	Marionette	DEBUG	0 <- [1,35,{"error":"no such element","message":"Unable to locate element: //inut[@class=\"input input_white\" and @tye=\"text\"]" ... entError@chrome://marionette/content/error.js:389:5\nelement.find/</<@chrome://marionette/content/element.js:339:16\n"},null]
1551411080241	Marionette	DEBUG	0 -> [0,36,"WebDriver:FindElement",{"using":"xpath","value":"//inut[@class=\"input input_white\" and @tye=\"text\"]"}]
1551411080242	Marionette	DEBUG	0 <- [1,36,{"error":"no such element","message":"Unable to locate element: //inut[@class=\"input input_white\" and @tye=\"text\"]" ... entError@chrome://marionette/content/error.js:389:5\nelement.find/</<@chrome://marionette/content/element.js:339:16\n"},null]
1551411080756	Marionette	DEBUG	0 -> [0,37,"WebDriver:FindElement",{"using":"xpath","value":"//inut[@class=\"input input_white\" and @tye=\"text\"]"}]
1551411080758	Marionette	DEBUG	0 <- [1,37,{"error":"no such element","message":"Unable to locate element: //inut[@class=\"input input_white\" and @tye=\"text\"]" ... entError@chrome://marionette/content/error.js:389:5\nelement.find/</<@chrome://marionette/content/element.js:339:16\n"},null]
1551411081256	Marionette	DEBUG	0 -> [0,38,"WebDriver:FindElement",{"using":"xpath","value":"//inut[@class=\"input input_white\" and @tye=\"text\"]"}]
1551411081258	Marionette	DEBUG	0 <- [1,38,{"error":"no such element","message":"Unable to locate element: //inut[@class=\"input input_white\" and @tye=\"text\"]" ... entError@chrome://marionette/content/error.js:389:5\nelement.find/</<@chrome://marionette/content/element.js:339:16\n"},null]
1551411081772	Marionette	DEBUG	0 -> [0,39,"WebDriver:FindElement",{"using":"xpath","value":"//inut[@class=\"input input_white\" and @tye=\"text\"]"}]
1551411081774	Marionette	DEBUG	0 <- [1,39,{"error":"no such element","message":"Unable to locate element: //inut[@class=\"input input_white\" and @tye=\"text\"]" ... entError@chrome://marionette/content/error.js:389:5\nelement.find/</<@chrome://marionette/content/element.js:339:16\n"},null]
1551411082287	Marionette	DEBUG	0 -> [0,40,"WebDriver:FindElement",{"using":"xpath","value":"//inut[@class=\"input input_white\" and @tye=\"text\"]"}]
1551411082289	Marionette	DEBUG	0 <- [1,40,{"error":"no such element","message":"Unable to locate element: //inut[@class=\"input input_white\" and @tye=\"text\"]" ... entError@chrome://marionette/content/error.js:389:5\nelement.find/</<@chrome://marionette/content/element.js:339:16\n"},null]
1551411082803	Marionette	DEBUG	0 -> [0,41,"WebDriver:FindElement",{"using":"xpath","value":"//inut[@class=\"input input_white\" and @tye=\"text\"]"}]
1551411082805	Marionette	DEBUG	0 <- [1,41,{"error":"no such element","message":"Unable to locate element: //inut[@class=\"input input_white\" and @tye=\"text\"]" ... entError@chrome://marionette/content/error.js:389:5\nelement.find/</<@chrome://marionette/content/element.js:339:16\n"},null]
1551411083303	Marionette	DEBUG	0 -> [0,42,"WebDriver:FindElement",{"using":"xpath","value":"//inut[@class=\"input input_white\" and @tye=\"text\"]"}]
1551411083305	Marionette	DEBUG	0 <- [1,42,{"error":"no such element","message":"Unable to locate element: //inut[@class=\"input input_white\" and @tye=\"text\"]" ... entError@chrome://marionette/content/error.js:389:5\nelement.find/</<@chrome://marionette/content/element.js:339:16\n"},null]
1551411083820	Marionette	DEBUG	0 -> [0,43,"WebDriver:FindElement",{"using":"xpath","value":"//inut[@class=\"input input_white\" and @tye=\"text\"]"}]
1551411083823	Marionette	DEBUG	0 <- [1,43,{"error":"no such element","message":"Unable to locate element: //inut[@class=\"input input_white\" and @tye=\"text\"]" ... entError@chrome://marionette/content/error.js:389:5\nelement.find/</<@chrome://marionette/content/element.js:339:16\n"},null]
1551411084334	Marionette	DEBUG	0 -> [0,44,"WebDriver:FindElement",{"using":"xpath","value":"//inut[@class=\"input input_white\" and @tye=\"text\"]"}]
1551411084336	Marionette	DEBUG	0 <- [1,44,{"error":"no such element","message":"Unable to locate element: //inut[@class=\"input input_white\" and @tye=\"text\"]" ... entError@chrome://marionette/content/error.js:389:5\nelement.find/</<@chrome://marionette/content/element.js:339:16\n"},null]
1551411084837	Marionette	DEBUG	0 -> [0,45,"WebDriver:FindElement",{"using":"xpath","value":"//inut[@class=\"input input_white\" and @tye=\"text\"]"}]
1551411084838	Marionette	DEBUG	0 <- [1,45,{"error":"no such element","message":"Unable to locate element: //inut[@class=\"input input_white\" and @tye=\"text\"]" ... entError@chrome://marionette/content/error.js:389:5\nelement.find/</<@chrome://marionette/content/element.js:339:16\n"},null]
1551411085352	Marionette	DEBUG	0 -> [0,46,"WebDriver:FindElement",{"using":"xpath","value":"//inut[@class=\"input input_white\" and @tye=\"text\"]"}]
1551411085354	Marionette	DEBUG	0 <- [1,46,{"error":"no such element","message":"Unable to locate element: //inut[@class=\"input input_white\" and @tye=\"text\"]" ... entError@chrome://marionette/content/error.js:389:5\nelement.find/</<@chrome://marionette/content/element.js:339:16\n"},null]
1551411085853	Marionette	DEBUG	0 -> [0,47,"WebDriver:FindElement",{"using":"xpath","value":"//inut[@class=\"input input_white\" and @tye=\"text\"]"}]
1551411085855	Marionette	DEBUG	0 <- [1,47,{"error":"no such element","message":"Unable to locate element: //inut[@class=\"input input_white\" and @tye=\"text\"]" ... entError@chrome://marionette/content/error.js:389:5\nelement.find/</<@chrome://marionette/content/element.js:339:16\n"},null]
1551411086369	Marionette	DEBUG	0 -> [0,48,"WebDriver:FindElement",{"using":"xpath","value":"//inut[@class=\"input input_white\" and @tye=\"text\"]"}]
1551411086370	Marionette	DEBUG	0 <- [1,48,{"error":"no such element","message":"Unable to locate element: //inut[@class=\"input input_white\" and @tye=\"text\"]" ... entError@chrome://marionette/content/error.js:389:5\nelement.find/</<@chrome://marionette/content/element.js:339:16\n"},null]
1551411086871	Marionette	DEBUG	0 -> [0,49,"WebDriver:FindElement",{"using":"xpath","value":"//inut[@class=\"input input_white\" and @tye=\"text\"]"}]
1551411086872	Marionette	DEBUG	0 <- [1,49,{"error":"no such element","message":"Unable to locate element: //inut[@class=\"input input_white\" and @tye=\"text\"]" ... entError@chrome://marionette/content/error.js:389:5\nelement.find/</<@chrome://marionette/content/element.js:339:16\n"},null]
1551411087387	Marionette	DEBUG	0 -> [0,50,"WebDriver:FindElement",{"using":"xpath","value":"//inut[@class=\"input input_white\" and @tye=\"text\"]"}]
1551411087388	Marionette	DEBUG	0 <- [1,50,{"error":"no such element","message":"Unable to locate element: //inut[@class=\"input input_white\" and @tye=\"text\"]" ... entError@chrome://marionette/content/error.js:389:5\nelement.find/</<@chrome://marionette/content/element.js:339:16\n"},null]
1551411087902	Marionette	DEBUG	0 -> [0,51,"WebDriver:FindElement",{"using":"xpath","value":"//inut[@class=\"input input_white\" and @tye=\"text\"]"}]
1551411087904	Marionette	DEBUG	0 <- [1,51,{"error":"no such element","message":"Unable to locate element: //inut[@class=\"input input_white\" and @tye=\"text\"]" ... entError@chrome://marionette/content/error.js:389:5\nelement.find/</<@chrome://marionette/content/element.js:339:16\n"},null]
1551411088402	Marionette	DEBUG	0 -> [0,52,"WebDriver:FindElement",{"using":"xpath","value":"//inut[@class=\"input input_white\" and @tye=\"text\"]"}]
1551411088404	Marionette	DEBUG	0 <- [1,52,{"error":"no such element","message":"Unable to locate element: //inut[@class=\"input input_white\" and @tye=\"text\"]" ... entError@chrome://marionette/content/error.js:389:5\nelement.find/</<@chrome://marionette/content/element.js:339:16\n"},null]
1551411088919	Marionette	DEBUG	0 -> [0,53,"WebDriver:FindElement",{"using":"xpath","value":"//inut[@class=\"input input_white\" and @tye=\"text\"]"}]
1551411088920	Marionette	DEBUG	0 <- [1,53,{"error":"no such element","message":"Unable to locate element: //inut[@class=\"input input_white\" and @tye=\"text\"]" ... entError@chrome://marionette/content/error.js:389:5\nelement.find/</<@chrome://marionette/content/element.js:339:16\n"},null]
1551411089434	Marionette	DEBUG	0 -> [0,54,"WebDriver:FindElement",{"using":"xpath","value":"//inut[@class=\"input input_white\" and @tye=\"text\"]"}]
1551411089435	Marionette	DEBUG	0 <- [1,54,{"error":"no such element","message":"Unable to locate element: //inut[@class=\"input input_white\" and @tye=\"text\"]" ... entError@chrome://marionette/content/error.js:389:5\nelement.find/</<@chrome://marionette/content/element.js:339:16\n"},null]
1551411089940	Marionette	DEBUG	0 -> [0,55,"WebDriver:FindElement",{"using":"xpath","value":"//inut[@class=\"input input_white\" and @tye=\"text\"]"}]
1551411089942	Marionette	DEBUG	0 <- [1,55,{"error":"no such element","message":"Unable to locate element: //inut[@class=\"input input_white\" and @tye=\"text\"]" ... entError@chrome://marionette/content/error.js:389:5\nelement.find/</<@chrome://marionette/content/element.js:339:16\n"},null]
1551411090456	Marionette	DEBUG	0 -> [0,56,"WebDriver:FindElement",{"using":"xpath","value":"//inut[@class=\"input input_white\" and @tye=\"text\"]"}]
1551411090457	Marionette	DEBUG	0 <- [1,56,{"error":"no such element","message":"Unable to locate element: //inut[@class=\"input input_white\" and @tye=\"text\"]" ... entError@chrome://marionette/content/error.js:389:5\nelement.find/</<@chrome://marionette/content/element.js:339:16\n"},null]
1551411090972	Marionette	DEBUG	0 -> [0,57,"WebDriver:FindElement",{"using":"xpath","value":"//inut[@class=\"input input_white\" and @tye=\"text\"]"}]
1551411090973	Marionette	DEBUG	0 <- [1,57,{"error":"no such element","message":"Unable to locate element: //inut[@class=\"input input_white\" and @tye=\"text\"]" ... entError@chrome://marionette/content/error.js:389:5\nelement.find/</<@chrome://marionette/content/element.js:339:16\n"},null]
1551411091491	Marionette	DEBUG	0 -> [0,58,"WebDriver:FindElement",{"using":"xpath","value":"//inut[@class=\"input input_white\" and @tye=\"text\"]"}]
1551411091492	Marionette	DEBUG	0 <- [1,58,{"error":"no such element","message":"Unable to locate element: //inut[@class=\"input input_white\" and @tye=\"text\"]" ... entError@chrome://marionette/content/error.js:389:5\nelement.find/</<@chrome://marionette/content/element.js:339:16\n"},null]
1551411092002	Marionette	DEBUG	0 -> [0,59,"WebDriver:FindElement",{"using":"xpath","value":"//inut[@class=\"input input_white\" and @tye=\"text\"]"}]
1551411092003	Marionette	DEBUG	0 <- [1,59,{"error":"no such element","message":"Unable to locate element: //inut[@class=\"input input_white\" and @tye=\"text\"]" ... entError@chrome://marionette/content/error.js:389:5\nelement.find/</<@chrome://marionette/content/element.js:339:16\n"},null]
1551411092517	Marionette	DEBUG	0 -> [0,60,"WebDriver:FindElement",{"using":"xpath","value":"//inut[@class=\"input input_white\" and @tye=\"text\"]"}]
1551411092519	Marionette	DEBUG	0 <- [1,60,{"error":"no such element","message":"Unable to locate element: //inut[@class=\"input input_white\" and @tye=\"text\"]" ... entError@chrome://marionette/content/error.js:389:5\nelement.find/</<@chrome://marionette/content/element.js:339:16\n"},null]
1551411093021	Marionette	DEBUG	0 -> [0,61,"WebDriver:FindElement",{"using":"xpath","value":"//inut[@class=\"input input_white\" and @tye=\"text\"]"}]
1551411093023	Marionette	DEBUG	0 <- [1,61,{"error":"no such element","message":"Unable to locate element: //inut[@class=\"input input_white\" and @tye=\"text\"]" ... entError@chrome://marionette/content/error.js:389:5\nelement.find/</<@chrome://marionette/content/element.js:339:16\n"},null]
1551411093537	Marionette	DEBUG	0 -> [0,62,"WebDriver:FindElement",{"using":"xpath","value":"//inut[@class=\"input input_white\" and @tye=\"text\"]"}]
1551411093538	Marionette	DEBUG	0 <- [1,62,{"error":"no such element","message":"Unable to locate element: //inut[@class=\"input input_white\" and @tye=\"text\"]" ... entError@chrome://marionette/content/error.js:389:5\nelement.find/</<@chrome://marionette/content/element.js:339:16\n"},null]
1551411094052	Marionette	DEBUG	0 -> [0,63,"WebDriver:FindElement",{"using":"xpath","value":"//inut[@class=\"input input_white\" and @tye=\"text\"]"}]
1551411094054	Marionette	DEBUG	0 <- [1,63,{"error":"no such element","message":"Unable to locate element: //inut[@class=\"input input_white\" and @tye=\"text\"]" ... entError@chrome://marionette/content/error.js:389:5\nelement.find/</<@chrome://marionette/content/element.js:339:16\n"},null]
1551411094568	Marionette	DEBUG	0 -> [0,64,"WebDriver:FindElement",{"using":"xpath","value":"//inut[@class=\"input input_white\" and @tye=\"text\"]"}]
1551411094569	Marionette	DEBUG	0 <- [1,64,{"error":"no such element","message":"Unable to locate element: //inut[@class=\"input input_white\" and @tye=\"text\"]" ... entError@chrome://marionette/content/error.js:389:5\nelement.find/</<@chrome://marionette/content/element.js:339:16\n"},null]
1551411095068	Marionette	DEBUG	0 -> [0,65,"WebDriver:FindElement",{"using":"xpath","value":"//inut[@class=\"input input_white\" and @tye=\"text\"]"}]
1551411095070	Marionette	DEBUG	0 <- [1,65,{"error":"no such element","message":"Unable to locate element: //inut[@class=\"input input_white\" and @tye=\"text\"]" ... entError@chrome://marionette/content/error.js:389:5\nelement.find/</<@chrome://marionette/content/element.js:339:16\n"},null]
1551411095584	Marionette	DEBUG	0 -> [0,66,"WebDriver:FindElement",{"using":"xpath","value":"//inut[@class=\"input input_white\" and @tye=\"text\"]"}]
1551411095585	Marionette	DEBUG	0 <- [1,66,{"error":"no such element","message":"Unable to locate element: //inut[@class=\"input input_white\" and @tye=\"text\"]" ... entError@chrome://marionette/content/error.js:389:5\nelement.find/</<@chrome://marionette/content/element.js:339:16\n"},null]
1551411096100	Marionette	DEBUG	0 -> [0,67,"WebDriver:FindElement",{"using":"xpath","value":"//inut[@class=\"input input_white\" and @tye=\"text\"]"}]
1551411096101	Marionette	DEBUG	0 <- [1,67,{"error":"no such element","message":"Unable to locate element: //inut[@class=\"input input_white\" and @tye=\"text\"]" ... entError@chrome://marionette/content/error.js:389:5\nelement.find/</<@chrome://marionette/content/element.js:339:16\n"},null]
1551411096615	Marionette	DEBUG	0 -> [0,68,"WebDriver:FindElement",{"using":"xpath","value":"//inut[@class=\"input input_white\" and @tye=\"text\"]"}]
1551411096617	Marionette	DEBUG	0 <- [1,68,{"error":"no such element","message":"Unable to locate element: //inut[@class=\"input input_white\" and @tye=\"text\"]" ... entError@chrome://marionette/content/error.js:389:5\nelement.find/</<@chrome://marionette/content/element.js:339:16\n"},null]
1551411097132	Marionette	DEBUG	0 -> [0,69,"WebDriver:FindElement",{"using":"xpath","value":"//inut[@class=\"input input_white\" and @tye=\"text\"]"}]
1551411097134	Marionette	DEBUG	0 <- [1,69,{"error":"no such element","message":"Unable to locate element: //inut[@class=\"input input_white\" and @tye=\"text\"]" ... entError@chrome://marionette/content/error.js:389:5\nelement.find/</<@chrome://marionette/content/element.js:339:16\n"},null]
1551411097646	Marionette	DEBUG	0 -> [0,70,"WebDriver:FindElement",{"using":"xpath","value":"//inut[@class=\"input input_white\" and @tye=\"text\"]"}]
1551411097647	Marionette	DEBUG	0 <- [1,70,{"error":"no such element","message":"Unable to locate element: //inut[@class=\"input input_white\" and @tye=\"text\"]" ... entError@chrome://marionette/content/error.js:389:5\nelement.find/</<@chrome://marionette/content/element.js:339:16\n"},null]
1551411098145	Marionette	DEBUG	0 -> [0,71,"WebDriver:FindElement",{"using":"xpath","value":"//inut[@class=\"input input_white\" and @tye=\"text\"]"}]
1551411098147	Marionette	DEBUG	0 <- [1,71,{"error":"no such element","message":"Unable to locate element: //inut[@class=\"input input_white\" and @tye=\"text\"]" ... entError@chrome://marionette/content/error.js:389:5\nelement.find/</<@chrome://marionette/content/element.js:339:16\n"},null]
1551411098649	Marionette	DEBUG	0 -> [0,72,"WebDriver:FindElement",{"using":"xpath","value":"//inut[@class=\"input input_white\" and @tye=\"text\"]"}]
1551411098651	Marionette	DEBUG	0 <- [1,72,{"error":"no such element","message":"Unable to locate element: //inut[@class=\"input input_white\" and @tye=\"text\"]" ... entError@chrome://marionette/content/error.js:389:5\nelement.find/</<@chrome://marionette/content/element.js:339:16\n"},null]
1551411099165	Marionette	DEBUG	0 -> [0,73,"WebDriver:FindElement",{"using":"xpath","value":"//inut[@class=\"input input_white\" and @tye=\"text\"]"}]
1551411099166	Marionette	DEBUG	0 <- [1,73,{"error":"no such element","message":"Unable to locate element: //inut[@class=\"input input_white\" and @tye=\"text\"]" ... entError@chrome://marionette/content/error.js:389:5\nelement.find/</<@chrome://marionette/content/element.js:339:16\n"},null]
1551411099675	Marionette	DEBUG	0 -> [0,74,"WebDriver:FindElement",{"using":"xpath","value":"//inut[@class=\"input input_white\" and @tye=\"text\"]"}]
1551411099678	Marionette	DEBUG	0 <- [1,74,{"error":"no such element","message":"Unable to locate element: //inut[@class=\"input input_white\" and @tye=\"text\"]" ... entError@chrome://marionette/content/error.js:389:5\nelement.find/</<@chrome://marionette/content/element.js:339:16\n"},null]
1551411100190	Marionette	DEBUG	0 -> [0,75,"WebDriver:FindElement",{"using":"xpath","value":"//inut[@class=\"input input_white\" and @tye=\"text\"]"}]
1551411100192	Marionette	DEBUG	0 <- [1,75,{"error":"no such element","message":"Unable to locate element: //inut[@class=\"input input_white\" and @tye=\"text\"]" ... entError@chrome://marionette/content/error.js:389:5\nelement.find/</<@chrome://marionette/content/element.js:339:16\n"},null]
1551411100705	Marionette	DEBUG	0 -> [0,76,"WebDriver:FindElement",{"using":"xpath","value":"//inut[@class=\"input input_white\" and @tye=\"text\"]"}]
1551411100708	Marionette	DEBUG	0 <- [1,76,{"error":"no such element","message":"Unable to locate element: //inut[@class=\"input input_white\" and @tye=\"text\"]" ... entError@chrome://marionette/content/error.js:389:5\nelement.find/</<@chrome://marionette/content/element.js:339:16\n"},null]
1551411101221	Marionette	DEBUG	0 -> [0,77,"WebDriver:FindElement",{"using":"xpath","value":"//inut[@class=\"input input_white\" and @tye=\"text\"]"}]
1551411101223	Marionette	DEBUG	0 <- [1,77,{"error":"no such element","message":"Unable to locate element: //inut[@class=\"input input_white\" and @tye=\"text\"]" ... entError@chrome://marionette/content/error.js:389:5\nelement.find/</<@chrome://marionette/content/element.js:339:16\n"},null]
1551411101737	Marionette	DEBUG	0 -> [0,78,"WebDriver:FindElement",{"using":"xpath","value":"//inut[@class=\"input input_white\" and @tye=\"text\"]"}]
1551411101738	Marionette	DEBUG	0 <- [1,78,{"error":"no such element","message":"Unable to locate element: //inut[@class=\"input input_white\" and @tye=\"text\"]" ... entError@chrome://marionette/content/error.js:389:5\nelement.find/</<@chrome://marionette/content/element.js:339:16\n"},null]
1551411102252	Marionette	DEBUG	0 -> [0,79,"WebDriver:FindElement",{"using":"xpath","value":"//inut[@class=\"input input_white\" and @tye=\"text\"]"}]
1551411102254	Marionette	DEBUG	0 <- [1,79,{"error":"no such element","message":"Unable to locate element: //inut[@class=\"input input_white\" and @tye=\"text\"]" ... entError@chrome://marionette/content/error.js:389:5\nelement.find/</<@chrome://marionette/content/element.js:339:16\n"},null]
1551411102775	Marionette	DEBUG	0 -> [0,80,"WebDriver:FindElement",{"using":"xpath","value":"//inut[@class=\"input input_white\" and @tye=\"text\"]"}]
1551411102777	Marionette	DEBUG	0 <- [1,80,{"error":"no such element","message":"Unable to locate element: //inut[@class=\"input input_white\" and @tye=\"text\"]" ... entError@chrome://marionette/content/error.js:389:5\nelement.find/</<@chrome://marionette/content/element.js:339:16\n"},null]
1551411103284	Marionette	DEBUG	0 -> [0,81,"WebDriver:FindElement",{"using":"xpath","value":"//inut[@class=\"input input_white\" and @tye=\"text\"]"}]
1551411103285	Marionette	DEBUG	0 <- [1,81,{"error":"no such element","message":"Unable to locate element: //inut[@class=\"input input_white\" and @tye=\"text\"]" ... entError@chrome://marionette/content/error.js:389:5\nelement.find/</<@chrome://marionette/content/element.js:339:16\n"},null]
1551411103787	Marionette	DEBUG	0 -> [0,82,"WebDriver:FindElement",{"using":"xpath","value":"//inut[@class=\"input input_white\" and @tye=\"text\"]"}]
1551411103789	Marionette	DEBUG	0 <- [1,82,{"error":"no such element","message":"Unable to locate element: //inut[@class=\"input input_white\" and @tye=\"text\"]" ... entError@chrome://marionette/content/error.js:389:5\nelement.find/</<@chrome://marionette/content/element.js:339:16\n"},null]
1551411104289	Marionette	DEBUG	0 -> [0,83,"WebDriver:FindElement",{"using":"xpath","value":"//inut[@class=\"input input_white\" and @tye=\"text\"]"}]
1551411104291	Marionette	DEBUG	0 <- [1,83,{"error":"no such element","message":"Unable to locate element: //inut[@class=\"input input_white\" and @tye=\"text\"]" ... entError@chrome://marionette/content/error.js:389:5\nelement.find/</<@chrome://marionette/content/element.js:339:16\n"},null]
1551411636982	geckodriver	INFO	geckodriver 0.21.0
1551411637014	geckodriver	INFO	Listening on 127.0.0.1:61446
1551411639912	mozrunner::runner	INFO	Running command: "C:\\Program Files\\Mozilla Firefox\\firefox.exe" "-marionette" "-foreground" "-no-remote" "-profile" "C:\\Users\\asus\\AppData\\Local\\Temp\\rust_mozprofile.5Zi3zvSLccjr"
1551411641348	addons.webextension.screenshots@mozilla.org	WARN	Loading extension 'screenshots@mozilla.org': Reading manifest: Invalid host permission: resource://pdf.js/
1551411641348	addons.webextension.screenshots@mozilla.org	WARN	Loading extension 'screenshots@mozilla.org': Reading manifest: Invalid host permission: about:reader*
1551411641530	Marionette	TRACE	Received observer notification profile-after-change
1551411641817	Marionette	TRACE	Received observer notification toplevel-window-ready
1551411641887	Marionette	TRACE	Received observer notification command-line-startup
1551411641888	Marionette	TRACE	Received observer notification nsPref:changed
1551411641888	Marionette	DEBUG	Init aborted (running=false, enabled=true, finalUIStartup=false)
1551411642059	Marionette	TRACE	Received observer notification toplevel-window-ready
1551411644327	Marionette	TRACE	Received observer notification sessionstore-windows-restored
1551411644327	Marionette	TRACE	Waiting until startup recorder finished recording startup scripts...
1551411644647	Marionette	TRACE	All scripts recorded.
1551411644647	Marionette	DEBUG	Setting recommended pref app.update.disabledForTesting to true
1551411644648	Marionette	DEBUG	Setting recommended pref apz.content_response_timeout to 60000
1551411644648	Marionette	DEBUG	Setting recommended pref browser.contentblocking.introCount to 99
1551411644649	Marionette	DEBUG	Setting recommended pref browser.download.panel.shown to true
1551411644649	Marionette	DEBUG	Setting recommended pref browser.newtabpage.enabled to false
1551411644649	Marionette	DEBUG	Setting recommended pref browser.pagethumbnails.capturing_disabled to true
1551411644650	Marionette	DEBUG	Setting recommended pref browser.search.update to false
1551411644651	Marionette	DEBUG	Setting recommended pref browser.tabs.disableBackgroundZombification to false
1551411644651	Marionette	DEBUG	Setting recommended pref browser.tabs.warnOnCloseOtherTabs to false
1551411644652	Marionette	DEBUG	Setting recommended pref browser.tabs.warnOnOpen to false
1551411644652	Marionette	DEBUG	Setting recommended pref browser.usedOnWindows10.introURL to 
1551411644652	Marionette	DEBUG	Setting recommended pref browser.urlbar.suggest.searches to false
1551411644653	Marionette	DEBUG	Setting recommended pref datareporting.policy.dataSubmissionPolicyAccepted to false
1551411644653	Marionette	DEBUG	Setting recommended pref dom.disable_beforeunload to true
1551411644654	Marionette	DEBUG	Setting recommended pref dom.disable_open_during_load to false
1551411644654	Marionette	DEBUG	Setting recommended pref dom.file.createInChild to true
1551411644654	Marionette	DEBUG	Setting recommended pref dom.max_chrome_script_run_time to 0
1551411644654	Marionette	DEBUG	Setting recommended pref dom.max_script_run_time to 0
1551411644655	Marionette	DEBUG	Setting recommended pref extensions.getAddons.cache.enabled to false
1551411644655	Marionette	DEBUG	Setting recommended pref extensions.webservice.discoverURL to http://%(server)s/dummy/discoveryURL
1551411644655	Marionette	DEBUG	Setting recommended pref network.http.prompt-temp-redirect to false
1551411644655	Marionette	DEBUG	Setting recommended pref network.http.speculative-parallel-limit to 0
1551411644656	Marionette	DEBUG	Setting recommended pref security.fileuri.strict_origin_policy to false
1551411644656	Marionette	DEBUG	Setting recommended pref security.notification_enable_delay to 0
1551411644657	Marionette	DEBUG	Setting recommended pref signon.autofillForms to false
1551411644657	Marionette	DEBUG	Setting recommended pref signon.rememberSignons to false
1551411644657	Marionette	DEBUG	Setting recommended pref toolkit.cosmeticAnimations.enabled to false
1551411644728	Marionette	INFO	Listening on port 61458
1551411644728	Marionette	DEBUG	Remote service is active
1551411645006	Marionette	DEBUG	Accepted connection 0 from 127.0.0.1:61480
1551411645008	Marionette	DEBUG	0 -> [0,1,"WebDriver:NewSession",{"acceptInsecureCerts":true,"browserName":"firefox","capabilities":{"desiredCapabilities":{"acceptInsecureCerts":true,"browserName":"firefox"}}}]
1551411645009	Marionette	WARN	TLS certificate errors will be ignored for this session
1551411645139	Marionette	TRACE	[6442450945] Frame script loaded
1551411645146	Marionette	TRACE	[6442450945] Frame script registered
1551411645148	Marionette	DEBUG	0 <- [1,1,null,{"sessionId":"c4f9c179-d8a5-496c-9dce-110b2aa20e7d","capabilities":{"browserName":"firefox","browserVersion":"65.0. ... alse,"moz:webdriverClick":true,"capabilities":{"desiredCapabilities":{"acceptInsecureCerts":true,"browserName":"firefox"}}}}]
1551411645311	Marionette	DEBUG	0 -> [0,2,"WebDriver:FindElement",{"using":"css selector","value":"div:nth-child(2) > form > div:nth-child(1) > input"}]
1551411645375	Marionette	DEBUG	0 <- [1,2,{"error":"no such element","message":"Unable to locate element: div:nth-child(2) > form > div:nth-child(1) > input","sta ... entError@chrome://marionette/content/error.js:389:5\nelement.find/</<@chrome://marionette/content/element.js:339:16\n"},null]
1551411646360	Marionette	DEBUG	Closed connection 0
[Parent 16636, Gecko_IOThread] WARNING: pipe error: 109: file z:/build/build/src/ipc/chromium/src/chrome/common/ipc_channel_win.cc, line 332
[Child 5592, Chrome_ChildThread] WARNING: pipe error: 109: file z:/build/build/src/ipc/chromium/src/chrome/common/ipc_channel_win.cc, [lCihniel d3 314468, Chrome_ChildThread] WARNING: pipe error: 109: file z:/build/build/src/ipc/chromium/src/chrome/common/ipc_ch2a
nnel_win.cc, line 332[
Child 5592, Chrome_ChildThread] WARNING[: pipe errorC: h1i09: file z:/build/ld 14468, Chrome_ChildThread] WARNING: pi[Parent 16636, Gecko_IOThread] WARNING: pipe error: 109: file z:/build/build/src/ipc/chromium/src/chrome/common/ipc_channel_win.cc, line 332
1551411665959	Marionette	TRACE	Received observer notification xpcom-will-shutdown
1551411665959	Marionette	DEBUG	Resetting recommended pref app.update.disabledForTesting
1551411665960	Marionette	DEBUG	Resetting recommended pref apz.content_response_timeout
1551411665960	Marionette	DEBUG	Resetting recommended pref browser.contentblocking.introCount
1551411665960	Marionette	DEBUG	Resetting recommended pref browser.download.panel.shown
1551411665960	Marionette	DEBUG	Resetting recommended pref browser.newtabpage.enabled
1551411665960	Marionette	DEBUG	Resetting recommended pref browser.pagethumbnails.capturing_disabled
1551411665960	Marionette	DEBUG	Resetting recommended pref browser.search.update
1551411665960	Marionette	DEBUG	Resetting recommended pref browser.tabs.disableBackgroundZombification
1551411665961	Marionette	DEBUG	Resetting recommended pref browser.tabs.warnOnCloseOtherTabs
1551411665961	Marionette	DEBUG	Resetting recommended pref browser.tabs.warnOnOpen
1551411665961	Marionette	DEBUG	Resetting recommended pref browser.usedOnWindows10.introURL
1551411665961	Marionette	DEBUG	Resetting recommended pref browser.urlbar.suggest.searches
1551411665962	Marionette	DEBUG	Resetting recommended pref datareporting.policy.dataSubmissionPolicyAccepted
1551411665962	Marionette	DEBUG	Resetting recommended pref dom.disable_beforeunload
1551411665962	Marionette	DEBUG	Resetting recommended pref dom.disable_open_during_load
1551411665962	Marionette	DEBUG	Resetting recommended pref dom.file.createInChild
1551411665962	Marionette	DEBUG	Resetting recommended pref dom.max_chrome_script_run_time
1551411665962	Marionette	DEBUG	Resetting recommended pref dom.max_script_run_time
1551411665963	Marionette	DEBUG	Resetting recommended pref extensions.getAddons.cache.enabled
1551411665963	Marionette	DEBUG	Resetting recommended pref extensions.webservice.discoverURL
1551411665963	Marionette	DEBUG	Resetting recommended pref network.http.prompt-temp-redirect
1551411665963	Marionette	DEBUG	Resetting recommended pref network.http.speculative-parallel-limit
1551411665963	Marionette	DEBUG	Resetting recommended pref security.fileuri.strict_origin_policy
1551411665963	Marionette	DEBUG	Resetting recommended pref security.notification_enable_delay
1551411665963	Marionette	DEBUG	Resetting recommended pref signon.autofillForms
1551411665963	Marionette	DEBUG	Resetting recommended pref signon.rememberSignons
1551411665964	Marionette	DEBUG	Resetting recommended pref toolkit.cosmeticAnimations.enabled
1551411665964	Marionette	INFO	Stopped listening on port 61458
1551411665965	Marionette	DEBUG	Remote service is inactive

###!!! [Child][RunMessage] Error: Channel closing: too late to send/recv, messages will be lost


###!!! [Child][MessageChannel::SendAndWait] Error: Channel error: cannot send/recv

1551411684939	geckodriver	INFO	geckodriver 0.21.0
1551411684986	geckodriver	INFO	Listening on 127.0.0.1:61547
1551411688020	mozrunner::runner	INFO	Running command: "C:\\Program Files\\Mozilla Firefox\\firefox.exe" "-marionette" "-foreground" "-no-remote" "-profile" "C:\\Users\\asus\\AppData\\Local\\Temp\\rust_mozprofile.HWsfzySlGmEZ"
1551411689402	addons.webextension.screenshots@mozilla.org	WARN	Loading extension 'screenshots@mozilla.org': Reading manifest: Invalid host permission: resource://pdf.js/
1551411689402	addons.webextension.screenshots@mozilla.org	WARN	Loading extension 'screenshots@mozilla.org': Reading manifest: Invalid host permission: about:reader*
1551411689575	Marionette	TRACE	Received observer notification profile-after-change
1551411689874	Marionette	TRACE	Received observer notification toplevel-window-ready
1551411690027	Marionette	TRACE	Received observer notification command-line-startup
1551411690027	Marionette	TRACE	Received observer notification nsPref:changed
1551411690027	Marionette	DEBUG	Init aborted (running=false, enabled=true, finalUIStartup=false)
1551411690198	Marionette	TRACE	Received observer notification toplevel-window-ready
1551411692567	Marionette	TRACE	Received observer notification sessionstore-windows-restored
1551411692567	Marionette	TRACE	Waiting until startup recorder finished recording startup scripts...
1551411692826	Marionette	TRACE	All scripts recorded.
1551411692826	Marionette	DEBUG	Setting recommended pref app.update.disabledForTesting to true
1551411692826	Marionette	DEBUG	Setting recommended pref apz.content_response_timeout to 60000
1551411692827	Marionette	DEBUG	Setting recommended pref browser.contentblocking.introCount to 99
1551411692827	Marionette	DEBUG	Setting recommended pref browser.download.panel.shown to true
1551411692827	Marionette	DEBUG	Setting recommended pref browser.newtabpage.enabled to false
1551411692827	Marionette	DEBUG	Setting recommended pref browser.pagethumbnails.capturing_disabled to true
1551411692828	Marionette	DEBUG	Setting recommended pref browser.search.update to false
1551411692828	Marionette	DEBUG	Setting recommended pref browser.tabs.disableBackgroundZombification to false
1551411692829	Marionette	DEBUG	Setting recommended pref browser.tabs.warnOnCloseOtherTabs to false
1551411692829	Marionette	DEBUG	Setting recommended pref browser.tabs.warnOnOpen to false
1551411692829	Marionette	DEBUG	Setting recommended pref browser.usedOnWindows10.introURL to 
1551411692830	Marionette	DEBUG	Setting recommended pref browser.urlbar.suggest.searches to false
1551411692830	Marionette	DEBUG	Setting recommended pref datareporting.policy.dataSubmissionPolicyAccepted to false
1551411692830	Marionette	DEBUG	Setting recommended pref dom.disable_beforeunload to true
1551411692830	Marionette	DEBUG	Setting recommended pref dom.disable_open_during_load to false
1551411692830	Marionette	DEBUG	Setting recommended pref dom.file.createInChild to true
1551411692831	Marionette	DEBUG	Setting recommended pref dom.max_chrome_script_run_time to 0
1551411692831	Marionette	DEBUG	Setting recommended pref dom.max_script_run_time to 0
1551411692831	Marionette	DEBUG	Setting recommended pref extensions.getAddons.cache.enabled to false
1551411692831	Marionette	DEBUG	Setting recommended pref extensions.webservice.discoverURL to http://%(server)s/dummy/discoveryURL
1551411692832	Marionette	DEBUG	Setting recommended pref network.http.prompt-temp-redirect to false
1551411692832	Marionette	DEBUG	Setting recommended pref network.http.speculative-parallel-limit to 0
1551411692832	Marionette	DEBUG	Setting recommended pref security.fileuri.strict_origin_policy to false
1551411692833	Marionette	DEBUG	Setting recommended pref security.notification_enable_delay to 0
1551411692833	Marionette	DEBUG	Setting recommended pref signon.autofillForms to false
1551411692834	Marionette	DEBUG	Setting recommended pref signon.rememberSignons to false
1551411692834	Marionette	DEBUG	Setting recommended pref toolkit.cosmeticAnimations.enabled to false
1551411692888	Marionette	INFO	Listening on port 61559
1551411692888	Marionette	DEBUG	Remote service is active
1551411693072	Marionette	DEBUG	Accepted connection 0 from 127.0.0.1:61580
1551411693078	Marionette	DEBUG	0 -> [0,1,"WebDriver:NewSession",{"acceptInsecureCerts":true,"browserName":"firefox","capabilities":{"desiredCapabilities":{"acceptInsecureCerts":true,"browserName":"firefox"}}}]
1551411693078	Marionette	WARN	TLS certificate errors will be ignored for this session
1551411693185	Marionette	TRACE	[6442450945] Frame script loaded
1551411693206	Marionette	TRACE	[6442450945] Frame script registered
1551411693212	Marionette	DEBUG	0 <- [1,1,null,{"sessionId":"c67f79c8-04c0-402d-bc1d-39a099db7514","capabilities":{"browserName":"firefox","browserVersion":"65.0. ... alse,"moz:webdriverClick":true,"capabilities":{"desiredCapabilities":{"acceptInsecureCerts":true,"browserName":"firefox"}}}}]
1551411693381	Marionette	DEBUG	0 -> [0,2,"WebDriver:FindElement",{"using":"css selector","value":"div:nth-child(2) > form > div:nth-child(1) > input"}]
1551411693480	Marionette	DEBUG	0 <- [1,2,{"error":"no such element","message":"Unable to locate element: div:nth-child(2) > form > div:nth-child(1) > input","sta ... entError@chrome://marionette/content/error.js:389:5\nelement.find/</<@chrome://marionette/content/element.js:339:16\n"},null]
1551411693566	Marionette	DEBUG	Closed connection 0
[Parent 15432, Gecko_IOThread] WARNING: pipe error: 109: file z:/build/build/src/ipc/chromium/src/chrome/common/ipc_channel_win.cc, line 332
[Parent 15432, Gecko_IOThread] WARNING: pipe error: 109: file z:/build/build/src/ipc/chromium/src/chrome/common/ipc_channel_win.cc, line 332
1551411709260	Marionette	TRACE	Received observer notification xpcom-will-shutdown
1551411709260	Marionette	DEBUG	Resetting recommended pref app.update.disabledForTesting
1551411709260	Marionette	DEBUG	Resetting recommended pref apz.content_response_timeout
1551411709261	Marionette	DEBUG	Resetting recommended pref browser.contentblocking.introCount
1551411709261	Marionette	DEBUG	Resetting recommended pref browser.download.panel.shown
1551411709261	Marionette	DEBUG	Resetting recommended pref browser.newtabpage.enabled
1551411709261	Marionette	DEBUG	Resetting recommended pref browser.pagethumbnails.capturing_disabled
1551411709261	Marionette	DEBUG	Resetting recommended pref browser.search.update
1551411709262	Marionette	DEBUG	Resetting recommended pref browser.tabs.disableBackgroundZombification
1551411709262	Marionette	DEBUG	Resetting recommended pref browser.tabs.warnOnCloseOtherTabs
1551411709262	Marionette	DEBUG	Resetting recommended pref browser.tabs.warnOnOpen
1551411709263	Marionette	DEBUG	Resetting recommended pref browser.usedOnWindows10.introURL
1551411709263	Marionette	DEBUG	Resetting recommended pref browser.urlbar.suggest.searches
1551411709263	Marionette	DEBUG	Resetting recommended pref datareporting.policy.dataSubmissionPolicyAccepted
1551411709263	Marionette	DEBUG	Resetting recommended pref dom.disable_beforeunload
1551411709263	Marionette	DEBUG	Resetting recommended pref dom.disable_open_during_load
1551411709263	Marionette	DEBUG	Resetting recommended pref dom.file.createInChild
1551411709263	Marionette	DEBUG	Resetting recommended pref dom.max_chrome_script_run_time
1551411709264	Marionette	DEBUG	Resetting recommended pref dom.max_script_run_time
1551411709264	Marionette	DEBUG	Resetting recommended pref extensions.getAddons.cache.enabled
1551411709264	Marionette	DEBUG	Resetting recommended pref extensions.webservice.discoverURL
1551411709264	Marionette	DEBUG	Resetting recommended pref network.http.prompt-temp-redirect
1551411709264	Marionette	DEBUG	Resetting recommended pref network.http.speculative-parallel-limit
1551411709264	Marionette	DEBUG	Resetting recommended pref security.fileuri.strict_origin_policy
1551411709265	Marionette	DEBUG	Resetting recommended pref security.notification_enable_delay
1551411709265	Marionette	DEBUG	Resetting recommended pref signon.autofillForms
1551411709265	Marionette	DEBUG	Resetting recommended pref signon.rememberSignons
1551411709265	Marionette	DEBUG	Resetting recommended pref toolkit.cosmeticAnimations.enabled
1551411709266	Marionette	INFO	Stopped listening on port 61559
1551411709266	Marionette	DEBUG	Remote service is inactive

###!!! [Child][RunMessage] Error: Channel closing: too late to send/recv, messages will be lost

[GP
###!!! [Child][MessageChannel::SendAndWait] Error: Channel error: cannot send/recv

1551411744832	geckodriver	INFO	geckodriver 0.21.0
1551411744879	geckodriver	INFO	Listening on 127.0.0.1:61663
1551411747785	mozrunner::runner	INFO	Running command: "C:\\Program Files\\Mozilla Firefox\\firefox.exe" "-marionette" "-foreground" "-no-remote" "-profile" "C:\\Users\\asus\\AppData\\Local\\Temp\\rust_mozprofile.S9gb0QmA50DS"
1551411749101	addons.webextension.screenshots@mozilla.org	WARN	Loading extension 'screenshots@mozilla.org': Reading manifest: Invalid host permission: resource://pdf.js/
1551411749101	addons.webextension.screenshots@mozilla.org	WARN	Loading extension 'screenshots@mozilla.org': Reading manifest: Invalid host permission: about:reader*
1551411749285	Marionette	TRACE	Received observer notification profile-after-change
1551411749561	Marionette	TRACE	Received observer notification toplevel-window-ready
1551411749629	Marionette	TRACE	Received observer notification command-line-startup
1551411749630	Marionette	TRACE	Received observer notification nsPref:changed
1551411749630	Marionette	DEBUG	Init aborted (running=false, enabled=true, finalUIStartup=false)
1551411749802	Marionette	TRACE	Received observer notification toplevel-window-ready
1551411752465	Marionette	TRACE	Received observer notification sessionstore-windows-restored
1551411752465	Marionette	TRACE	Waiting until startup recorder finished recording startup scripts...
1551411752682	Marionette	TRACE	All scripts recorded.
1551411752682	Marionette	DEBUG	Setting recommended pref app.update.disabledForTesting to true
1551411752682	Marionette	DEBUG	Setting recommended pref apz.content_response_timeout to 60000
1551411752683	Marionette	DEBUG	Setting recommended pref browser.contentblocking.introCount to 99
1551411752683	Marionette	DEBUG	Setting recommended pref browser.download.panel.shown to true
1551411752683	Marionette	DEBUG	Setting recommended pref browser.newtabpage.enabled to false
1551411752683	Marionette	DEBUG	Setting recommended pref browser.pagethumbnails.capturing_disabled to true
1551411752684	Marionette	DEBUG	Setting recommended pref browser.search.update to false
1551411752684	Marionette	DEBUG	Setting recommended pref browser.tabs.disableBackgroundZombification to false
1551411752685	Marionette	DEBUG	Setting recommended pref browser.tabs.warnOnCloseOtherTabs to false
1551411752685	Marionette	DEBUG	Setting recommended pref browser.tabs.warnOnOpen to false
1551411752685	Marionette	DEBUG	Setting recommended pref browser.usedOnWindows10.introURL to 
1551411752685	Marionette	DEBUG	Setting recommended pref browser.urlbar.suggest.searches to false
1551411752686	Marionette	DEBUG	Setting recommended pref datareporting.policy.dataSubmissionPolicyAccepted to false
1551411752686	Marionette	DEBUG	Setting recommended pref dom.disable_beforeunload to true
1551411752687	Marionette	DEBUG	Setting recommended pref dom.disable_open_during_load to false
1551411752687	Marionette	DEBUG	Setting recommended pref dom.file.createInChild to true
1551411752688	Marionette	DEBUG	Setting recommended pref dom.max_chrome_script_run_time to 0
1551411752688	Marionette	DEBUG	Setting recommended pref dom.max_script_run_time to 0
1551411752688	Marionette	DEBUG	Setting recommended pref extensions.getAddons.cache.enabled to false
1551411752689	Marionette	DEBUG	Setting recommended pref extensions.webservice.discoverURL to http://%(server)s/dummy/discoveryURL
1551411752689	Marionette	DEBUG	Setting recommended pref network.http.prompt-temp-redirect to false
1551411752689	Marionette	DEBUG	Setting recommended pref network.http.speculative-parallel-limit to 0
1551411752689	Marionette	DEBUG	Setting recommended pref security.fileuri.strict_origin_policy to false
1551411752689	Marionette	DEBUG	Setting recommended pref security.notification_enable_delay to 0
1551411752690	Marionette	DEBUG	Setting recommended pref signon.autofillForms to false
1551411752690	Marionette	DEBUG	Setting recommended pref signon.rememberSignons to false
1551411752690	Marionette	DEBUG	Setting recommended pref toolkit.cosmeticAnimations.enabled to false
1551411752743	Marionette	INFO	Listening on port 61675
1551411752743	Marionette	DEBUG	Remote service is active
1551411752858	Marionette	DEBUG	Accepted connection 0 from 127.0.0.1:61699
1551411752865	Marionette	DEBUG	0 -> [0,1,"WebDriver:NewSession",{"acceptInsecureCerts":true,"browserName":"firefox","capabilities":{"desiredCapabilities":{"acceptInsecureCerts":true,"browserName":"firefox"}}}]
1551411752866	Marionette	WARN	TLS certificate errors will be ignored for this session
1551411752985	Marionette	TRACE	[6442450945] Frame script loaded
1551411752996	Marionette	TRACE	[6442450945] Frame script registered
1551411753000	Marionette	DEBUG	0 <- [1,1,null,{"sessionId":"8875f2ed-2f82-4205-bf1e-c5a9cb128568","capabilities":{"browserName":"firefox","browserVersion":"65.0. ... alse,"moz:webdriverClick":true,"capabilities":{"desiredCapabilities":{"acceptInsecureCerts":true,"browserName":"firefox"}}}}]
1551411753029	Marionette	DEBUG	0 -> [0,2,"WebDriver:MaximizeWindow",{}]
1551411753343	Marionette	DEBUG	0 <- [1,2,null,{"x":-7,"y":-7,"width":1550,"height":838,"state":"maximized"}]
1551411753347	Marionette	DEBUG	0 -> [0,3,"WebDriver:Navigate",{"url":"https://passport.lagou.com/login/login.html?signature=22A292AF00E2081A28A07696A0C71332&service=https%253A%252F%252Fwww.lagou.com%252F&action=login&serviceId=lagou&ts=1551410427173"}]
1551411753364	Marionette	TRACE	[6442450945] Received DOM event beforeunload for about:blank
1551411753524	Marionette	TRACE	[6442450945] Received DOM event pagehide for about:blank
1551411775278	Marionette	TRACE	[6442450945] Received DOM event pageshow for https://passport.lagou.com/login/login.html?signature=22A292AF00E2081A28A07696A0C71332&service=https%253A%252F%252Fwww.lagou.com%252F&action=login&serviceId=lagou&ts=1551410427173
1551411775292	Marionette	TRACE	[6442450945] Received DOM event DOMContentLoaded for https://passport.lagou.com/login/login.html?signature=22A292AF00E2081A28A07696A0C71332&service=https%253A%252F%252Fwww.lagou.com%252F&action=login&serviceId=lagou&ts=1551410427173
1551411775652	Marionette	TRACE	[6442450945] Received DOM event beforeunload for https://passport.lagou.com/login/login.html?signature=22A292AF00E2081A28A07696A0C71332&service=https%253A%252F%252Fwww.lagou.com%252F&action=login&serviceId=lagou&ts=1551410427173
1551411775722	Marionette	TRACE	[6442450945] Received DOM event unload for https://passport.lagou.com/login/login.html?signature=22A292AF00E2081A28A07696A0C71332&service=https%253A%252F%252Fwww.lagou.com%252F&action=login&serviceId=lagou&ts=1551410427173
1551411780404	Marionette	TRACE	Received DOM event unload for [object XULDocument]
1551411780446	Marionette	TRACE	Received observer notification message-manager-disconnect
1551411780453	Marionette	TRACE	[6442450945] Received DOM event unload for https://passport.lagou.com/login/login.html?signature=22A292AF00E2081A28A07696A0C71332&service=https%253A%252F%252Fwww.lagou.com%252F&action=login&serviceId=lagou&ts=1551410427173
1551411780460	Marionette	TRACE	[6442450945] Received observer notification outer-window-destroyed
1551411780511	Marionette	DEBUG	0 <- [1,3,null,{"value":null}]
1551411780554	Marionette	DEBUG	0 -> [0,4,"WebDriver:FindElement",{"using":"xpath","value":"//inut[@class=\"input input_white\" and @tye=\"text\"]"}]
1551411780556	Marionette	DEBUG	0 <- [1,4,{"error":"no such window","message":"Browsing context has been discarded","stacktrace":"WebDriverError@chrome://marionet ... et@chrome://marionette/content/server.js:236:8\n_onJSONObjectReady/<@chrome://marionette/content/transport.js:490:9\n"},null]
[Parent 17036, Gecko_IOThread] WARNING: pipe error: 109: file z:/build/build/src/ipc/chromium/src/chrome/common/ipc_channel_win.cc, line 332
[Child 16828, Chrome_ChildThread] WARNING: pipe error: 109: file z:/build/build/src/ipc/chromium/src/chrome/common/ipc_channel_win.cc, line 332
[Child 16828, Chro1551411780624	Marionette	DEBUG	Closed connection 0
[Parent 17036, Gecko_IOThread] WARNING: pipe error: 109: file z:/build/build/src/ipc/chromium/src/chrome/common/ipc_channel_win.cc, line 332
[Child 4748, Chrome_ChildThread] WARNING: pipe error: 109: file z:/build/build/src/ipc/chromium/src/chrome/common/ipc_channel_win.cc, line 332
[Child 4748, Chrome_ChildThread] WARNING: pipe error: 109: file z:/build/build/src/ipc/chromium/src/chrome/common/ipc_channel_win.cc, line 332
1551411781133	Marionette	TRACE	Received observer notification xpcom-will-shutdown
1551411781133	Marionette	DEBUG	Resetting recommended pref app.update.disabledForTesting
1551411781133	Marionette	DEBUG	Resetting recommended pref apz.content_response_timeout
1551411781134	Marionette	DEBUG	Resetting recommended pref browser.contentblocking.introCount
1551411781134	Marionette	DEBUG	Resetting recommended pref browser.download.panel.shown
1551411781134	Marionette	DEBUG	Resetting recommended pref browser.newtabpage.enabled
1551411781134	Marionette	DEBUG	Resetting recommended pref browser.pagethumbnails.capturing_disabled
1551411781134	Marionette	DEBUG	Resetting recommended pref browser.search.update
1551411781134	Marionette	DEBUG	Resetting recommended pref browser.tabs.disableBackgroundZombification
1551411781135	Marionette	DEBUG	Resetting recommended pref browser.tabs.warnOnCloseOtherTabs
1551411781135	Marionette	DEBUG	Resetting recommended pref browser.tabs.warnOnOpen
1551411781135	Marionette	DEBUG	Resetting recommended pref browser.usedOnWindows10.introURL
1551411781135	Marionette	DEBUG	Resetting recommended pref browser.urlbar.suggest.searches
1551411781135	Marionette	DEBUG	Resetting recommended pref datareporting.policy.dataSubmissionPolicyAccepted
1551411781135	Marionette	DEBUG	Resetting recommended pref dom.disable_beforeunload
1551411781136	Marionette	DEBUG	Resetting recommended pref dom.disable_open_during_load
1551411781136	Marionette	DEBUG	Resetting recommended pref dom.file.createInChild
1551411781136	Marionette	DEBUG	Resetting recommended pref dom.max_chrome_script_run_time
1551411781136	Marionette	DEBUG	Resetting recommended pref dom.max_script_run_time
1551411781136	Marionette	DEBUG	Resetting recommended pref extensions.getAddons.cache.enabled
1551411781136	Marionette	DEBUG	Resetting recommended pref extensions.webservice.discoverURL
1551411781136	Marionette	DEBUG	Resetting recommended pref network.http.prompt-temp-redirect
1551411781136	Marionette	DEBUG	Resetting recommended pref network.http.speculative-parallel-limit
1551411781136	Marionette	DEBUG	Resetting recommended pref security.fileuri.strict_origin_policy
1551411781136	Marionette	DEBUG	Resetting recommended pref security.notification_enable_delay
1551411781136	Marionette	DEBUG	Resetting recommended pref signon.autofillForms
1551411781136	Marionette	DEBUG	Resetting recommended pref signon.rememberSignons
1551411781137	Marionette	DEBUG	Resetting recommended pref toolkit.cosmeticAnimations.enabled
1551411781137	Marionette	INFO	Stopped listening on port 61675
1551411781137	Marionette	DEBUG	Remote service is inactive

###!!! [Child][RunMessage] Error: Channel closing: too late to send/recv, messages will be lost

[GPU
###!!! [Child][MessageChannel::SendAndWait] Error: Channel error: cannot send/recv

1551411786935	geckodriver	INFO	geckodriver 0.21.0
1551411786967	geckodriver	INFO	Listening on 127.0.0.1:61766
1551411789846	mozrunner::runner	INFO	Running command: "C:\\Program Files\\Mozilla Firefox\\firefox.exe" "-marionette" "-foreground" "-no-remote" "-profile" "C:\\Users\\asus\\AppData\\Local\\Temp\\rust_mozprofile.xXSEuw26CWFe"
1551411791286	addons.webextension.screenshots@mozilla.org	WARN	Loading extension 'screenshots@mozilla.org': Reading manifest: Invalid host permission: resource://pdf.js/
1551411791286	addons.webextension.screenshots@mozilla.org	WARN	Loading extension 'screenshots@mozilla.org': Reading manifest: Invalid host permission: about:reader*
1551411791469	Marionette	TRACE	Received observer notification profile-after-change
1551411791748	Marionette	TRACE	Received observer notification toplevel-window-ready
1551411791814	Marionette	TRACE	Received observer notification command-line-startup
1551411791814	Marionette	TRACE	Received observer notification nsPref:changed
1551411791814	Marionette	DEBUG	Init aborted (running=false, enabled=true, finalUIStartup=false)
1551411791965	Marionette	TRACE	Received observer notification toplevel-window-ready
1551411794384	Marionette	TRACE	Received observer notification sessionstore-windows-restored
1551411794385	Marionette	TRACE	Waiting until startup recorder finished recording startup scripts...
1551411794570	Marionette	TRACE	All scripts recorded.
1551411794570	Marionette	DEBUG	Setting recommended pref app.update.disabledForTesting to true
1551411794571	Marionette	DEBUG	Setting recommended pref apz.content_response_timeout to 60000
1551411794571	Marionette	DEBUG	Setting recommended pref browser.contentblocking.introCount to 99
1551411794571	Marionette	DEBUG	Setting recommended pref browser.download.panel.shown to true
1551411794571	Marionette	DEBUG	Setting recommended pref browser.newtabpage.enabled to false
1551411794572	Marionette	DEBUG	Setting recommended pref browser.pagethumbnails.capturing_disabled to true
1551411794572	Marionette	DEBUG	Setting recommended pref browser.search.update to false
1551411794573	Marionette	DEBUG	Setting recommended pref browser.tabs.disableBackgroundZombification to false
1551411794573	Marionette	DEBUG	Setting recommended pref browser.tabs.warnOnCloseOtherTabs to false
1551411794573	Marionette	DEBUG	Setting recommended pref browser.tabs.warnOnOpen to false
1551411794574	Marionette	DEBUG	Setting recommended pref browser.usedOnWindows10.introURL to 
1551411794574	Marionette	DEBUG	Setting recommended pref browser.urlbar.suggest.searches to false
1551411794574	Marionette	DEBUG	Setting recommended pref datareporting.policy.dataSubmissionPolicyAccepted to false
1551411794574	Marionette	DEBUG	Setting recommended pref dom.disable_beforeunload to true
1551411794574	Marionette	DEBUG	Setting recommended pref dom.disable_open_during_load to false
1551411794575	Marionette	DEBUG	Setting recommended pref dom.file.createInChild to true
1551411794575	Marionette	DEBUG	Setting recommended pref dom.max_chrome_script_run_time to 0
1551411794575	Marionette	DEBUG	Setting recommended pref dom.max_script_run_time to 0
1551411794575	Marionette	DEBUG	Setting recommended pref extensions.getAddons.cache.enabled to false
1551411794575	Marionette	DEBUG	Setting recommended pref extensions.webservice.discoverURL to http://%(server)s/dummy/discoveryURL
1551411794576	Marionette	DEBUG	Setting recommended pref network.http.prompt-temp-redirect to false
1551411794576	Marionette	DEBUG	Setting recommended pref network.http.speculative-parallel-limit to 0
1551411794576	Marionette	DEBUG	Setting recommended pref security.fileuri.strict_origin_policy to false
1551411794576	Marionette	DEBUG	Setting recommended pref security.notification_enable_delay to 0
1551411794577	Marionette	DEBUG	Setting recommended pref signon.autofillForms to false
1551411794577	Marionette	DEBUG	Setting recommended pref signon.rememberSignons to false
1551411794577	Marionette	DEBUG	Setting recommended pref toolkit.cosmeticAnimations.enabled to false
1551411794638	Marionette	INFO	Listening on port 61778
1551411794638	Marionette	DEBUG	Remote service is active
1551411794897	Marionette	DEBUG	Accepted connection 0 from 127.0.0.1:61801
1551411794900	Marionette	DEBUG	0 -> [0,1,"WebDriver:NewSession",{"acceptInsecureCerts":true,"browserName":"firefox","capabilities":{"desiredCapabilities":{"acceptInsecureCerts":true,"browserName":"firefox"}}}]
1551411794901	Marionette	WARN	TLS certificate errors will be ignored for this session
1551411795032	Marionette	TRACE	[6442450945] Frame script loaded
1551411795038	Marionette	TRACE	[6442450945] Frame script registered
1551411795042	Marionette	DEBUG	0 <- [1,1,null,{"sessionId":"aed433b0-6345-4544-9680-787b910c9fe9","capabilities":{"browserName":"firefox","browserVersion":"65.0. ... alse,"moz:webdriverClick":true,"capabilities":{"desiredCapabilities":{"acceptInsecureCerts":true,"browserName":"firefox"}}}}]
1551411795171	Marionette	DEBUG	0 -> [0,2,"WebDriver:MaximizeWindow",{}]
1551411795435	Marionette	DEBUG	0 <- [1,2,null,{"x":-7,"y":-7,"width":1550,"height":838,"state":"maximized"}]
1551411795441	Marionette	DEBUG	0 -> [0,3,"WebDriver:Navigate",{"url":"https://passport.lagou.com/login/login.html?signature=22A292AF00E2081A28A07696A0C71332&service=https%253A%252F%252Fwww.lagou.com%252F&action=login&serviceId=lagou&ts=1551410427173"}]
1551411795456	Marionette	TRACE	[6442450945] Received DOM event beforeunload for about:blank
1551411795610	Marionette	TRACE	[6442450945] Received DOM event pagehide for about:blank
1551411812132	Marionette	TRACE	Received DOM event unload for [object XULDocument]
1551411812140	Marionette	TRACE	Received observer notification message-manager-disconnect
1551411812142	Marionette	TRACE	[6442450945] Received DOM event unload for https://passport.lagou.com/login/login.html?signature=22A292AF00E2081A28A07696A0C71332&service=https%253A%252F%252Fwww.lagou.com%252F&action=login&serviceId=lagou&ts=1551410427173
1551411812147	Marionette	TRACE	[6442450945] Received observer notification outer-window-destroyed
1551411812211	Marionette	DEBUG	0 <- [1,3,null,{"value":null}]
JavaScript error: jar:file:///C:/Program%20Files/Mozilla%20Firefox/omni.ja!/components/nsUrlClassifierListManager.js, line 597: TypeError: this.tablesData[table] is undefined
1551411812250	Marionette	DEBUG	0 -> [0,4,"WebDriver:FindElement",{"using":"xpath","value":"//inut[@class=\"input input_white\" and @tye=\"text\"]"}]
1551411812252	Marionette	DEBUG	0 <- [1,4,{"error":"no such window","message":"Browsing context has been discarded","stacktrace":"WebDriverError@chrome://marionet ... et@chrome://marionette/content/server.js:236:8\n_onJSONObjectReady/<@chrome://marionette/content/transport.js:490:9\n"},null]
[Child 5124, Chrome_ChildThread] WARNING: pipe error: 109: file z:/build/build/src/ipc/chromium/src/chrome/common/ipc_channel_win.cc, line 332

###!!! [Child][RunMessage] Error: Channel closing: too late to send/recv, messages will be lost

[Child 5576, Chrome_ChildThread] WARNING: pipe error: 109: file z:/build/build/src/ipc/chromium/src/chrome/common/ipc_channel_win.cc, line 332
[Child 5576, Chrome_Chi1551411812287	Marionette	DEBUG	Closed connection 0
1551411812798	Marionette	TRACE	Received observer notification xpcom-will-shutdown
1551411812798	Marionette	DEBUG	Resetting recommended pref app.update.disabledForTesting
1551411812799	Marionette	DEBUG	Resetting recommended pref apz.content_response_timeout
1551411812799	Marionette	DEBUG	Resetting recommended pref browser.contentblocking.introCount
1551411812799	Marionette	DEBUG	Resetting recommended pref browser.download.panel.shown
1551411812799	Marionette	DEBUG	Resetting recommended pref browser.newtabpage.enabled
1551411812800	Marionette	DEBUG	Resetting recommended pref browser.pagethumbnails.capturing_disabled
1551411812800	Marionette	DEBUG	Resetting recommended pref browser.search.update
1551411812800	Marionette	DEBUG	Resetting recommended pref browser.tabs.disableBackgroundZombification
1551411812800	Marionette	DEBUG	Resetting recommended pref browser.tabs.warnOnCloseOtherTabs
1551411812801	Marionette	DEBUG	Resetting recommended pref browser.tabs.warnOnOpen
1551411812801	Marionette	DEBUG	Resetting recommended pref browser.usedOnWindows10.introURL
1551411812801	Marionette	DEBUG	Resetting recommended pref browser.urlbar.suggest.searches
1551411812801	Marionette	DEBUG	Resetting recommended pref datareporting.policy.dataSubmissionPolicyAccepted
1551411812801	Marionette	DEBUG	Resetting recommended pref dom.disable_beforeunload
1551411812801	Marionette	DEBUG	Resetting recommended pref dom.disable_open_during_load
1551411812802	Marionette	DEBUG	Resetting recommended pref dom.file.createInChild
1551411812802	Marionette	DEBUG	Resetting recommended pref dom.max_chrome_script_run_time
1551411812802	Marionette	DEBUG	Resetting recommended pref dom.max_script_run_time
1551411812803	Marionette	DEBUG	Resetting recommended pref extensions.getAddons.cache.enabled
1551411812803	Marionette	DEBUG	Resetting recommended pref extensions.webservice.discoverURL
1551411812803	Marionette	DEBUG	Resetting recommended pref network.http.prompt-temp-redirect
1551411812803	Marionette	DEBUG	Resetting recommended pref network.http.speculative-parallel-limit
1551411812803	Marionette	DEBUG	Resetting recommended pref security.fileuri.strict_origin_policy
1551411812803	Marionette	DEBUG	Resetting recommended pref security.notification_enable_delay
1551411812803	Marionette	DEBUG	Resetting recommended pref signon.autofillForms
1551411812804	Marionette	DEBUG	Resetting recommended pref signon.rememberSignons
1551411812804	Marionette	DEBUG	Resetting recommended pref toolkit.cosmeticAnimations.enabled
1551411812804	Marionette	INFO	Stopped listening on port 61778
1551411812804	Marionette	DEBUG	Remote service is inactive

###!!! [Child][RunMessage] Error: Channel closing: too late to send/recv, messages will be lost

[GPU
###!!! [Child][MessageChannel::SendAndWait] Error: Channel error: cannot send/recv

